<?xml version="1.0" encoding="UTF-8"?>
<testng-results skipped="0" failed="1" ignored="0" total="13" passed="12">
  <reporter-output>
  </reporter-output>
  <suite name="Default suite" duration-ms="152620" started-at="2019-09-11T12:10:00 IST" finished-at="2019-09-11T12:12:33 IST">
    <groups>
    </groups>
    <test name="Default test" duration-ms="152620" started-at="2019-09-11T12:10:00 IST" finished-at="2019-09-11T12:12:33 IST">
      <class name="com.qa.tests.admin">
        <test-method status="PASS" signature="startbrowser()[pri:0, instance:com.qa.tests.admin@6e6c3152]" name="startbrowser" is-config="true" duration-ms="7560" started-at="2019-09-11T12:10:00 IST" finished-at="2019-09-11T12:10:08 IST">
          <reporter-output>
          </reporter-output>
        </test-method> <!-- startbrowser -->
        <test-method status="PASS" signature="login()[pri:0, instance:com.qa.tests.admin@6e6c3152]" name="login" duration-ms="1308" started-at="2019-09-11T12:10:08 IST" finished-at="2019-09-11T12:10:09 IST">
          <reporter-output>
          </reporter-output>
        </test-method> <!-- login -->
        <test-method status="PASS" signature="add_admin()[pri:1, instance:com.qa.tests.admin@6e6c3152]" name="add_admin" duration-ms="14813" started-at="2019-09-11T12:10:09 IST" finished-at="2019-09-11T12:10:24 IST">
          <reporter-output>
          </reporter-output>
        </test-method> <!-- add_admin -->
        <test-method status="PASS" signature="hotel_view()[pri:2, instance:com.qa.tests.admin@6e6c3152]" name="hotel_view" duration-ms="4638" started-at="2019-09-11T12:10:24 IST" finished-at="2019-09-11T12:10:29 IST">
          <reporter-output>
          </reporter-output>
        </test-method> <!-- hotel_view -->
        <test-method status="PASS" signature="remove()[pri:3, instance:com.qa.tests.admin@6e6c3152]" name="remove" duration-ms="17353" started-at="2019-09-11T12:10:29 IST" finished-at="2019-09-11T12:10:46 IST">
          <reporter-output>
          </reporter-output>
        </test-method> <!-- remove -->
        <test-method status="PASS" signature="view_flight_booking()[pri:4, instance:com.qa.tests.admin@6e6c3152]" name="view_flight_booking" duration-ms="7052" started-at="2019-09-11T12:10:46 IST" finished-at="2019-09-11T12:10:53 IST">
          <reporter-output>
          </reporter-output>
        </test-method> <!-- view_flight_booking -->
        <test-method status="PASS" signature="remove_flight_booking()[pri:5, instance:com.qa.tests.admin@6e6c3152]" name="remove_flight_booking" duration-ms="17562" started-at="2019-09-11T12:10:53 IST" finished-at="2019-09-11T12:11:11 IST">
          <reporter-output>
          </reporter-output>
        </test-method> <!-- remove_flight_booking -->
        <test-method status="PASS" signature="add_tours()[pri:6, instance:com.qa.tests.admin@6e6c3152]" name="add_tours" duration-ms="42031" started-at="2019-09-11T12:11:11 IST" finished-at="2019-09-11T12:11:53 IST">
          <reporter-output>
          </reporter-output>
        </test-method> <!-- add_tours -->
        <test-method status="PASS" signature="edit_tours()[pri:7, instance:com.qa.tests.admin@6e6c3152]" name="edit_tours" duration-ms="10292" started-at="2019-09-11T12:11:53 IST" finished-at="2019-09-11T12:12:03 IST">
          <reporter-output>
          </reporter-output>
        </test-method> <!-- edit_tours -->
        <test-method status="PASS" signature="delete_tours()[pri:8, instance:com.qa.tests.admin@6e6c3152]" name="delete_tours" duration-ms="4182" started-at="2019-09-11T12:12:03 IST" finished-at="2019-09-11T12:12:07 IST">
          <reporter-output>
          </reporter-output>
        </test-method> <!-- delete_tours -->
        <test-method status="PASS" signature="search()[pri:9, instance:com.qa.tests.admin@6e6c3152]" name="search" duration-ms="5728" started-at="2019-09-11T12:12:07 IST" finished-at="2019-09-11T12:12:13 IST">
          <reporter-output>
          </reporter-output>
        </test-method> <!-- search -->
        <test-method status="PASS" signature="edit_car()[pri:10, instance:com.qa.tests.admin@6e6c3152]" name="edit_car" duration-ms="9389" started-at="2019-09-11T12:12:13 IST" finished-at="2019-09-11T12:12:22 IST">
          <reporter-output>
          </reporter-output>
        </test-method> <!-- edit_car -->
        <test-method status="PASS" signature="delete_car()[pri:11, instance:com.qa.tests.admin@6e6c3152]" name="delete_car" duration-ms="7286" started-at="2019-09-11T12:12:22 IST" finished-at="2019-09-11T12:12:30 IST">
          <reporter-output>
          </reporter-output>
        </test-method> <!-- delete_car -->
        <test-method status="FAIL" signature="search_Car()[pri:12, instance:com.qa.tests.admin@6e6c3152]" name="search_Car" duration-ms="3251" started-at="2019-09-11T12:12:30 IST" finished-at="2019-09-11T12:12:33 IST">
          <exception class="org.openqa.selenium.StaleElementReferenceException">
            <message>
              <![CDATA[stale element reference: element is not attached to the page document
  (Session info: chrome=76.0.3809.132)
  (Driver info: chromedriver=2.40.565498 (ea082db3280dd6843ebfb08a625e3eb905c4f5ab),platform=Windows NT 10.0.10240 x86_64) (WARNING: The server did not provide any stacktrace information)
Command duration or timeout: 0 milliseconds
For documentation on this error, please visit: https://www.seleniumhq.org/exceptions/stale_element_reference.html
Build info: version: '4.0.0-alpha-2', revision: 'f148142cf8', time: '2019-07-01T20:55:26'
System info: host: 'DESKTOP-H8RTC1S', ip: '192.168.43.174', os.name: 'Windows 10', os.arch: 'amd64', os.version: '10.0', java.version: '1.8.0_181'
Driver info: org.openqa.selenium.chrome.ChromeDriver
Capabilities {acceptInsecureCerts: false, acceptSslCerts: false, applicationCacheEnabled: false, browserConnectionEnabled: false, browserName: chrome, chrome: {chromedriverVersion: 2.40.565498 (ea082db3280dd6..., userDataDir: C:\Users\Bhavya\AppData\Loc...}, cssSelectorsEnabled: true, databaseEnabled: false, handlesAlerts: true, hasTouchScreen: false, javascriptEnabled: true, locationContextEnabled: true, mobileEmulationEnabled: false, nativeEvents: true, networkConnectionEnabled: false, pageLoadStrategy: normal, platform: XP, platformName: XP, rotatable: false, setWindowRect: true, takesHeapSnapshot: true, takesScreenshot: true, unexpectedAlertBehaviour: , unhandledPromptBehavior: , version: 76.0.3809.132, webStorageEnabled: true}
Session ID: e3ea26df97c1cf570265783ef84bccf1]]>
            </message>
            <full-stacktrace>
              <![CDATA[org.openqa.selenium.StaleElementReferenceException: stale element reference: element is not attached to the page document
  (Session info: chrome=76.0.3809.132)
  (Driver info: chromedriver=2.40.565498 (ea082db3280dd6843ebfb08a625e3eb905c4f5ab),platform=Windows NT 10.0.10240 x86_64) (WARNING: The server did not provide any stacktrace information)
Command duration or timeout: 0 milliseconds
For documentation on this error, please visit: https://www.seleniumhq.org/exceptions/stale_element_reference.html
Build info: version: '4.0.0-alpha-2', revision: 'f148142cf8', time: '2019-07-01T20:55:26'
System info: host: 'DESKTOP-H8RTC1S', ip: '192.168.43.174', os.name: 'Windows 10', os.arch: 'amd64', os.version: '10.0', java.version: '1.8.0_181'
Driver info: org.openqa.selenium.chrome.ChromeDriver
Capabilities {acceptInsecureCerts: false, acceptSslCerts: false, applicationCacheEnabled: false, browserConnectionEnabled: false, browserName: chrome, chrome: {chromedriverVersion: 2.40.565498 (ea082db3280dd6..., userDataDir: C:\Users\Bhavya\AppData\Loc...}, cssSelectorsEnabled: true, databaseEnabled: false, handlesAlerts: true, hasTouchScreen: false, javascriptEnabled: true, locationContextEnabled: true, mobileEmulationEnabled: false, nativeEvents: true, networkConnectionEnabled: false, pageLoadStrategy: normal, platform: XP, platformName: XP, rotatable: false, setWindowRect: true, takesHeapSnapshot: true, takesScreenshot: true, unexpectedAlertBehaviour: , unhandledPromptBehavior: , version: 76.0.3809.132, webStorageEnabled: true}
Session ID: e3ea26df97c1cf570265783ef84bccf1
at sun.reflect.NativeConstructorAccessorImpl.newInstance0(Native Method)
at sun.reflect.NativeConstructorAccessorImpl.newInstance(Unknown Source)
at sun.reflect.DelegatingConstructorAccessorImpl.newInstance(Unknown Source)
at java.lang.reflect.Constructor.newInstance(Unknown Source)
at org.openqa.selenium.remote.ErrorHandler.createThrowable(ErrorHandler.java:214)
at org.openqa.selenium.remote.ErrorHandler.throwIfResponseFailed(ErrorHandler.java:166)
at org.openqa.selenium.remote.codec.jwp.JsonHttpResponseCodec.reconstructValue(JsonHttpResponseCodec.java:41)
at org.openqa.selenium.remote.codec.AbstractHttpResponseCodec.decode(AbstractHttpResponseCodec.java:83)
at org.openqa.selenium.remote.codec.AbstractHttpResponseCodec.decode(AbstractHttpResponseCodec.java:47)
at org.openqa.selenium.remote.HttpCommandExecutor.execute(HttpCommandExecutor.java:161)
at org.openqa.selenium.remote.service.DriverCommandExecutor.execute(DriverCommandExecutor.java:83)
at org.openqa.selenium.remote.RemoteWebDriver.execute(RemoteWebDriver.java:576)
at org.openqa.selenium.remote.RemoteWebElement.execute(RemoteWebElement.java:308)
at org.openqa.selenium.remote.RemoteWebElement.click(RemoteWebElement.java:83)
at com.qa.tests.admin.search_Car(admin.java:400)
at sun.reflect.NativeMethodAccessorImpl.invoke0(Native Method)
at sun.reflect.NativeMethodAccessorImpl.invoke(Unknown Source)
at sun.reflect.DelegatingMethodAccessorImpl.invoke(Unknown Source)
at java.lang.reflect.Method.invoke(Unknown Source)
at org.testng.internal.MethodInvocationHelper.invokeMethod(MethodInvocationHelper.java:133)
at org.testng.internal.TestInvoker.invokeMethod(TestInvoker.java:584)
at org.testng.internal.TestInvoker.invokeTestMethod(TestInvoker.java:172)
at org.testng.internal.MethodRunner.runInSequence(MethodRunner.java:46)
at org.testng.internal.TestInvoker$MethodInvocationAgent.invoke(TestInvoker.java:804)
at org.testng.internal.TestInvoker.invokeTestMethods(TestInvoker.java:145)
at org.testng.internal.TestMethodWorker.invokeTestMethods(TestMethodWorker.java:146)
at org.testng.internal.TestMethodWorker.run(TestMethodWorker.java:128)
at java.util.ArrayList.forEach(Unknown Source)
at org.testng.TestRunner.privateRun(TestRunner.java:770)
at org.testng.TestRunner.run(TestRunner.java:591)
at org.testng.SuiteRunner.runTest(SuiteRunner.java:402)
at org.testng.SuiteRunner.runSequentially(SuiteRunner.java:396)
at org.testng.SuiteRunner.privateRun(SuiteRunner.java:355)
at org.testng.SuiteRunner.run(SuiteRunner.java:304)
at org.testng.SuiteRunnerWorker.runSuite(SuiteRunnerWorker.java:53)
at org.testng.SuiteRunnerWorker.run(SuiteRunnerWorker.java:96)
at org.testng.TestNG.runSuitesSequentially(TestNG.java:1180)
at org.testng.TestNG.runSuitesLocally(TestNG.java:1102)
at org.testng.TestNG.runSuites(TestNG.java:1032)
at org.testng.TestNG.run(TestNG.java:1000)
at org.testng.remote.AbstractRemoteTestNG.run(AbstractRemoteTestNG.java:115)
at org.testng.remote.RemoteTestNG.initAndRun(RemoteTestNG.java:251)
at org.testng.remote.RemoteTestNG.main(RemoteTestNG.java:77)
]]>
            </full-stacktrace>
          </exception> <!-- org.openqa.selenium.StaleElementReferenceException -->
          <reporter-output>
          </reporter-output>
        </test-method> <!-- search_Car -->
        <test-method status="PASS" signature="close()[pri:0, instance:com.qa.tests.admin@6e6c3152]" name="close" is-config="true" duration-ms="50" started-at="2019-09-11T12:12:33 IST" finished-at="2019-09-11T12:12:33 IST">
          <reporter-output>
          </reporter-output>
        </test-method> <!-- close -->
      </class> <!-- com.qa.tests.admin -->
    </test> <!-- Default test -->
  </suite> <!-- Default suite -->
</testng-results>
